<?xml version="1.0" encoding="UTF-8"?>
<testng-results ignored="0" total="1" passed="1" failed="0" skipped="0">
  <reporter-output>
  </reporter-output>
  <suite started-at="2026-03-09T15:55:22 WIB" name="Default suite" finished-at="2026-03-09T15:55:31 WIB" duration-ms="8181">
    <groups>
    </groups>
    <test started-at="2026-03-09T15:55:22 WIB" name="Default test" finished-at="2026-03-09T15:55:31 WIB" duration-ms="8181">
      <class name="com.proj.automation.tests.OpenWebsiteTest">
        <test-method signature="openWebsiteAndCapture()[pri:0, instance:com.proj.automation.tests.OpenWebsiteTest@1e81f160]" started-at="2026-03-09T15:55:23 WIB" name="openWebsiteAndCapture" finished-at="2026-03-09T15:55:31 WIB" duration-ms="8076" status="PASS">
          <reporter-output>
          </reporter-output>
        </test-method> <!-- openWebsiteAndCapture -->
      </class> <!-- com.proj.automation.tests.OpenWebsiteTest -->
    </test> <!-- Default test -->
  </suite> <!-- Default suite -->
</testng-results>
