<?xml version="1.0" encoding="UTF-8"?>
<testng-results ignored="0" total="1" passed="1" failed="0" skipped="0">
  <reporter-output>
  </reporter-output>
  <suite started-at="2026-03-12T13:25:15 WIB" name="Default suite" finished-at="2026-03-12T13:25:46 WIB" duration-ms="30935">
    <groups>
    </groups>
    <test started-at="2026-03-12T13:25:15 WIB" name="Default test" finished-at="2026-03-12T13:25:46 WIB" duration-ms="30935">
      <class name="com.proj.automation.tests.WebsiteTest">
        <test-method signature="testWebsites()[pri:0, instance:com.proj.automation.tests.WebsiteTest@404bbcbd]" started-at="2026-03-12T13:25:15 WIB" name="testWebsites" finished-at="2026-03-12T13:25:46 WIB" duration-ms="30640" status="PASS">
          <reporter-output>
          </reporter-output>
        </test-method> <!-- testWebsites -->
      </class> <!-- com.proj.automation.tests.WebsiteTest -->
    </test> <!-- Default test -->
  </suite> <!-- Default suite -->
</testng-results>
